【jayj】 [http-nio-8080-exec-4] ERROR com.zaxxer.hikari.pool.HikariPool - HikariPool-1 - Exception during pool initialization.
com.mysql.cj.jdbc.exceptions.CommunicationsException: Communications link failure

The last packet sent successfully to the server was 0 milliseconds ago. The driver has not received any packets from the server.
	at com.mysql.cj.jdbc.exceptions.SQLError.createCommunicationsException(SQLError.java:174)
	at com.mysql.cj.jdbc.exceptions.SQLExceptionsMapping.translateException(SQLExceptionsMapping.java:64)
	at com.mysql.cj.jdbc.ConnectionImpl.createNewIO(ConnectionImpl.java:829)
	at com.mysql.cj.jdbc.ConnectionImpl.<init>(ConnectionImpl.java:449)
	at com.mysql.cj.jdbc.ConnectionImpl.getInstance(ConnectionImpl.java:242)
	at com.mysql.cj.jdbc.NonRegisteringDriver.connect(NonRegisteringDriver.java:198)
	at com.zaxxer.hikari.util.DriverDataSource.getConnection(DriverDataSource.java:138)
	at com.zaxxer.hikari.pool.PoolBase.newConnection(PoolBase.java:364)
	at com.zaxxer.hikari.pool.PoolBase.newPoolEntry(PoolBase.java:206)
	at com.zaxxer.hikari.pool.HikariPool.createPoolEntry(HikariPool.java:476)
	at com.zaxxer.hikari.pool.HikariPool.checkFailFast(HikariPool.java:561)
	at com.zaxxer.hikari.pool.HikariPool.<init>(HikariPool.java:115)
	at com.zaxxer.hikari.HikariDataSource.getConnection(HikariDataSource.java:112)
	at org.springframework.jdbc.datasource.DataSourceUtils.fetchConnection(DataSourceUtils.java:159)
	at org.springframework.jdbc.datasource.DataSourceUtils.doGetConnection(DataSourceUtils.java:117)
	at org.springframework.jdbc.datasource.DataSourceUtils.getConnection(DataSourceUtils.java:80)
	at org.mybatis.spring.transaction.SpringManagedTransaction.openConnection(SpringManagedTransaction.java:80)
	at org.mybatis.spring.transaction.SpringManagedTransaction.getConnection(SpringManagedTransaction.java:67)
	at org.apache.ibatis.executor.BaseExecutor.getConnection(BaseExecutor.java:337)
	at org.apache.ibatis.executor.SimpleExecutor.prepareStatement(SimpleExecutor.java:86)
	at org.apache.ibatis.executor.SimpleExecutor.doQuery(SimpleExecutor.java:62)
	at org.apache.ibatis.executor.BaseExecutor.queryFromDatabase(BaseExecutor.java:325)
	at org.apache.ibatis.executor.BaseExecutor.query(BaseExecutor.java:156)
	at org.apache.ibatis.executor.CachingExecutor.query(CachingExecutor.java:109)
	at org.apache.ibatis.executor.CachingExecutor.query(CachingExecutor.java:89)
	at org.apache.ibatis.session.defaults.DefaultSqlSession.selectList(DefaultSqlSession.java:151)
	at org.apache.ibatis.session.defaults.DefaultSqlSession.selectList(DefaultSqlSession.java:145)
	at org.apache.ibatis.session.defaults.DefaultSqlSession.selectList(DefaultSqlSession.java:140)
	at java.base/jdk.internal.reflect.NativeMethodAccessorImpl.invoke0(Native Method)
	at java.base/jdk.internal.reflect.NativeMethodAccessorImpl.invoke(NativeMethodAccessorImpl.java:77)
	at java.base/jdk.internal.reflect.DelegatingMethodAccessorImpl.invoke(DelegatingMethodAccessorImpl.java:43)
	at java.base/java.lang.reflect.Method.invoke(Method.java:568)
	at org.mybatis.spring.SqlSessionTemplate$SqlSessionInterceptor.invoke(SqlSessionTemplate.java:427)
	at jdk.proxy3/jdk.proxy3.$Proxy30.selectList(Unknown Source)
	at org.mybatis.spring.SqlSessionTemplate.selectList(SqlSessionTemplate.java:224)
	at org.apache.ibatis.binding.MapperMethod.executeForMany(MapperMethod.java:147)
	at org.apache.ibatis.binding.MapperMethod.execute(MapperMethod.java:80)
	at org.apache.ibatis.binding.MapperProxy$PlainMethodInvoker.invoke(MapperProxy.java:145)
	at org.apache.ibatis.binding.MapperProxy.invoke(MapperProxy.java:86)
	at jdk.proxy3/jdk.proxy3.$Proxy31.selectAllUser(Unknown Source)
	at com.maker.register.service.feeuser.impl.UserServiceImpl.getAllUser(UserServiceImpl.java:18)
	at com.maker.register.controller.register.user.UserAction.getAllUser(UserAction.java:25)
	at java.base/jdk.internal.reflect.NativeMethodAccessorImpl.invoke0(Native Method)
	at java.base/jdk.internal.reflect.NativeMethodAccessorImpl.invoke(NativeMethodAccessorImpl.java:77)
	at java.base/jdk.internal.reflect.DelegatingMethodAccessorImpl.invoke(DelegatingMethodAccessorImpl.java:43)
	at java.base/java.lang.reflect.Method.invoke(Method.java:568)
	at org.springframework.web.method.support.InvocableHandlerMethod.doInvoke(InvocableHandlerMethod.java:205)
	at org.springframework.web.method.support.InvocableHandlerMethod.invokeForRequest(InvocableHandlerMethod.java:150)
	at org.springframework.web.servlet.mvc.method.annotation.ServletInvocableHandlerMethod.invokeAndHandle(ServletInvocableHandlerMethod.java:117)
	at org.springframework.web.servlet.mvc.method.annotation.RequestMappingHandlerAdapter.invokeHandlerMethod(RequestMappingHandlerAdapter.java:895)
	at org.springframework.web.servlet.mvc.method.annotation.RequestMappingHandlerAdapter.handleInternal(RequestMappingHandlerAdapter.java:808)
	at org.springframework.web.servlet.mvc.method.AbstractHandlerMethodAdapter.handle(AbstractHandlerMethodAdapter.java:87)
	at org.springframework.web.servlet.DispatcherServlet.doDispatch(DispatcherServlet.java:1067)
	at org.springframework.web.servlet.DispatcherServlet.doService(DispatcherServlet.java:963)
	at org.springframework.web.servlet.FrameworkServlet.processRequest(FrameworkServlet.java:1006)
	at org.springframework.web.servlet.FrameworkServlet.doPost(FrameworkServlet.java:909)
	at javax.servlet.http.HttpServlet.service(HttpServlet.java:555)
	at org.springframework.web.servlet.FrameworkServlet.service(FrameworkServlet.java:883)
	at javax.servlet.http.HttpServlet.service(HttpServlet.java:623)
	at org.apache.catalina.core.ApplicationFilterChain.internalDoFilter(ApplicationFilterChain.java:209)
	at org.apache.catalina.core.ApplicationFilterChain.doFilter(ApplicationFilterChain.java:153)
	at org.springframework.web.filter.CharacterEncodingFilter.doFilterInternal(CharacterEncodingFilter.java:201)
	at org.springframework.web.filter.OncePerRequestFilter.doFilter(OncePerRequestFilter.java:117)
	at org.apache.catalina.core.ApplicationFilterChain.internalDoFilter(ApplicationFilterChain.java:178)
	at org.apache.catalina.core.ApplicationFilterChain.doFilter(ApplicationFilterChain.java:153)
	at org.apache.tomcat.websocket.server.WsFilter.doFilter(WsFilter.java:51)
	at org.apache.catalina.core.ApplicationFilterChain.internalDoFilter(ApplicationFilterChain.java:178)
	at org.apache.catalina.core.ApplicationFilterChain.doFilter(ApplicationFilterChain.java:153)
	at org.apache.catalina.core.StandardWrapperValve.invoke(StandardWrapperValve.java:167)
	at org.apache.catalina.core.StandardContextValve.invoke(StandardContextValve.java:90)
	at org.apache.catalina.authenticator.AuthenticatorBase.invoke(AuthenticatorBase.java:481)
	at org.apache.catalina.core.StandardHostValve.invoke(StandardHostValve.java:130)
	at org.apache.catalina.valves.ErrorReportValve.invoke(ErrorReportValve.java:93)
	at org.apache.catalina.valves.AbstractAccessLogValve.invoke(AbstractAccessLogValve.java:673)
	at org.apache.catalina.core.StandardEngineValve.invoke(StandardEngineValve.java:74)
	at org.apache.catalina.connector.CoyoteAdapter.service(CoyoteAdapter.java:343)
	at org.apache.coyote.http11.Http11Processor.service(Http11Processor.java:390)
	at org.apache.coyote.AbstractProcessorLight.process(AbstractProcessorLight.java:63)
	at org.apache.coyote.AbstractProtocol$ConnectionHandler.process(AbstractProtocol.java:926)
	at org.apache.tomcat.util.net.NioEndpoint$SocketProcessor.doRun(NioEndpoint.java:1791)
	at org.apache.tomcat.util.net.SocketProcessorBase.run(SocketProcessorBase.java:52)
	at org.apache.tomcat.util.threads.ThreadPoolExecutor.runWorker(ThreadPoolExecutor.java:1191)
	at org.apache.tomcat.util.threads.ThreadPoolExecutor$Worker.run(ThreadPoolExecutor.java:659)
	at org.apache.tomcat.util.threads.TaskThread$WrappingRunnable.run(TaskThread.java:61)
	at java.base/java.lang.Thread.run(Thread.java:842)
Caused by: com.mysql.cj.exceptions.CJCommunicationsException: Communications link failure

The last packet sent successfully to the server was 0 milliseconds ago. The driver has not received any packets from the server.
	at java.base/jdk.internal.reflect.NativeConstructorAccessorImpl.newInstance0(Native Method)
	at java.base/jdk.internal.reflect.NativeConstructorAccessorImpl.newInstance(NativeConstructorAccessorImpl.java:77)
	at java.base/jdk.internal.reflect.DelegatingConstructorAccessorImpl.newInstance(DelegatingConstructorAccessorImpl.java:45)
	at java.base/java.lang.reflect.Constructor.newInstanceWithCaller(Constructor.java:499)
	at java.base/java.lang.reflect.Constructor.newInstance(Constructor.java:480)
	at com.mysql.cj.exceptions.ExceptionFactory.createException(ExceptionFactory.java:61)
	at com.mysql.cj.exceptions.ExceptionFactory.createException(ExceptionFactory.java:105)
	at com.mysql.cj.exceptions.ExceptionFactory.createException(ExceptionFactory.java:151)
	at com.mysql.cj.exceptions.ExceptionFactory.createCommunicationsException(ExceptionFactory.java:167)
	at com.mysql.cj.protocol.a.NativeSocketConnection.connect(NativeSocketConnection.java:89)
	at com.mysql.cj.NativeSession.connect(NativeSession.java:120)
	at com.mysql.cj.jdbc.ConnectionImpl.connectOneTryOnly(ConnectionImpl.java:949)
	at com.mysql.cj.jdbc.ConnectionImpl.createNewIO(ConnectionImpl.java:819)
	... 82 common frames omitted
Caused by: java.net.SocketTimeoutException: Connect timed out
	at java.base/sun.nio.ch.NioSocketImpl.timedFinishConnect(NioSocketImpl.java:551)
	at java.base/sun.nio.ch.NioSocketImpl.connect(NioSocketImpl.java:602)
	at java.base/java.net.SocksSocketImpl.connect(SocksSocketImpl.java:327)
	at java.base/java.net.Socket.connect(Socket.java:633)
	at com.mysql.cj.protocol.StandardSocketFactory.connect(StandardSocketFactory.java:156)
	at com.mysql.cj.protocol.a.NativeSocketConnection.connect(NativeSocketConnection.java:63)
	... 85 common frames omitted
【jayj】 [http-nio-8080-exec-4] ERROR c.m.register.controller.register.user.UserAction - 【获取所有用户出现异常：nested exception is org.apache.ibatis.exceptions.PersistenceException: 
### Error querying database.  Cause: org.springframework.jdbc.CannotGetJdbcConnectionException: Failed to obtain JDBC Connection; nested exception is com.mysql.cj.jdbc.exceptions.CommunicationsException: Communications link failure

The last packet sent successfully to the server was 0 milliseconds ago. The driver has not received any packets from the server.
### The error may exist in com/maker/register/dao/feeuser/UserMapper.xml
### The error may involve com.maker.register.dao.feeuser.UserMapper.selectAllUser
### The error occurred while executing a query
### Cause: org.springframework.jdbc.CannotGetJdbcConnectionException: Failed to obtain JDBC Connection; nested exception is com.mysql.cj.jdbc.exceptions.CommunicationsException: Communications link failure

The last packet sent successfully to the server was 0 milliseconds ago. The driver has not received any packets from the server.】
【jayj】 [http-nio-8080-exec-1] ERROR c.m.register.controller.register.paper.PaperAction - 奖励账户为空！
【jayj】 [http-nio-8080-exec-1] ERROR c.m.register.controller.register.paper.PaperAction - 奖励账户为空！
【jayj】 [http-nio-8080-exec-5] ERROR c.m.register.controller.register.paper.PaperAction - 奖励账户为空！
【jayj】 [http-nio-8080-exec-10] ERROR c.m.register.controller.register.paper.PaperAction - 新增论文信息出错：Cannot read the array length because "doi" is null
【jayj】 [http-nio-8080-exec-5] ERROR c.m.register.controller.register.paper.PaperAction - 新增论文信息出错：需要插入的论文数据为空
【jayj】 [http-nio-8080-exec-1] ERROR c.m.register.controller.register.paper.PaperAction - 新增论文信息出错：nested exception is org.apache.ibatis.builder.BuilderException: Parsing error was found in mapping #{__frch_p_0,doi}.  Check syntax #{property|(expression), var1=value1, var2=value2, ...} 
【jayj】 [http-nio-8080-exec-1] ERROR c.m.register.controller.register.paper.PaperAction - 新增论文信息出错：
### Error updating database.  Cause: java.sql.SQLSyntaxErrorException: You have an error in your SQL syntax; check the manual that corresponds to your MySQL server version for the right syntax to use near 'grant,bonus)
        
        ('doi:111','123','456','789',1,
          'xiajj',' at line 1
### The error may exist in com/maker/register/dao/paper/PaperMapper.xml
### The error may involve com.maker.register.dao.paper.PaperMapper.insertPaper-Inline
### The error occurred while setting parameters
### SQL: insert ignore into paper_register(doi,title,sn,jtitle_vol,paper_class,informant,account,email,date,timestamp,thanks,grant,bonus)                  (?,?,?,?,?,           ?,?,?,?,           ?,?,?,?)        ,          (?,?,?,?,?,           ?,?,?,?,           ?,?,?,?)        ,          (?,?,?,?,?,           ?,?,?,?,           ?,?,?,?)
### Cause: java.sql.SQLSyntaxErrorException: You have an error in your SQL syntax; check the manual that corresponds to your MySQL server version for the right syntax to use near 'grant,bonus)
        
        ('doi:111','123','456','789',1,
          'xiajj',' at line 1
; bad SQL grammar []; nested exception is java.sql.SQLSyntaxErrorException: You have an error in your SQL syntax; check the manual that corresponds to your MySQL server version for the right syntax to use near 'grant,bonus)
        
        ('doi:111','123','456','789',1,
          'xiajj',' at line 1
【jayj】 [http-nio-8080-exec-2] ERROR c.m.register.controller.register.paper.PaperAction - 新增论文信息出错：
### Error updating database.  Cause: java.sql.SQLSyntaxErrorException: You have an error in your SQL syntax; check the manual that corresponds to your MySQL server version for the right syntax to use near 'grant,bonus)
      values
        
        ('doi:111','123','456','789',1,
     ' at line 1
### The error may exist in com/maker/register/dao/paper/PaperMapper.xml
### The error may involve com.maker.register.dao.paper.PaperMapper.insertPaper-Inline
### The error occurred while setting parameters
### SQL: insert ignore into paper_register(doi,title,sn,jtitle_vol,paper_class,informant,account,email,date,timestamp,thanks,grant,bonus)       values                  (?,?,?,?,?,           ?,?,?,?,           ?,?,?,?)        ,          (?,?,?,?,?,           ?,?,?,?,           ?,?,?,?)        ,          (?,?,?,?,?,           ?,?,?,?,           ?,?,?,?)
### Cause: java.sql.SQLSyntaxErrorException: You have an error in your SQL syntax; check the manual that corresponds to your MySQL server version for the right syntax to use near 'grant,bonus)
      values
        
        ('doi:111','123','456','789',1,
     ' at line 1
; bad SQL grammar []; nested exception is java.sql.SQLSyntaxErrorException: You have an error in your SQL syntax; check the manual that corresponds to your MySQL server version for the right syntax to use near 'grant,bonus)
      values
        
        ('doi:111','123','456','789',1,
     ' at line 1
【jayj】 [http-nio-8080-exec-1] ERROR c.m.register.controller.register.paper.PaperAction - 新增论文信息出错：
### Error updating database.  Cause: java.sql.SQLSyntaxErrorException: You have an error in your SQL syntax; check the manual that corresponds to your MySQL server version for the right syntax to use near 'grant,bonus) values
        
        ('doi:111','123','456','789',1,
          '' at line 1
### The error may exist in com/maker/register/dao/paper/PaperMapper.xml
### The error may involve com.maker.register.dao.paper.PaperMapper.insertPaper-Inline
### The error occurred while setting parameters
### SQL: insert ignore into paper_register(doi,title,sn,jtitle_vol,paper_class,informant,account,email,date,timestamp,thanks,grant,bonus) values                  (?,?,?,?,?,           ?,?,?,?,           ?,?,?,?)        ,          (?,?,?,?,?,           ?,?,?,?,           ?,?,?,?)        ,          (?,?,?,?,?,           ?,?,?,?,           ?,?,?,?)
### Cause: java.sql.SQLSyntaxErrorException: You have an error in your SQL syntax; check the manual that corresponds to your MySQL server version for the right syntax to use near 'grant,bonus) values
        
        ('doi:111','123','456','789',1,
          '' at line 1
; bad SQL grammar []; nested exception is java.sql.SQLSyntaxErrorException: You have an error in your SQL syntax; check the manual that corresponds to your MySQL server version for the right syntax to use near 'grant,bonus) values
        
        ('doi:111','123','456','789',1,
          '' at line 1
【jayj】 [http-nio-8080-exec-1] ERROR c.m.register.controller.register.paper.PaperAction - 新增论文信息出错：
### Error updating database.  Cause: java.sql.SQLSyntaxErrorException: You have an error in your SQL syntax; check the manual that corresponds to your MySQL server version for the right syntax to use near 'grant,bonus) values
        
        ('doi:111','123','456','789',1,
          '' at line 1
### The error may exist in com/maker/register/dao/paper/PaperMapper.xml
### The error may involve com.maker.register.dao.paper.PaperMapper.insertPaper-Inline
### The error occurred while setting parameters
### SQL: insert into paper_register(doi,title,sn,jtitle_vol,paper_class,informant,account,email,date,timestamp,thanks,grant,bonus) values                  (?,?,?,?,?,           ?,?,?,?,           ?,?,?,?)        ,          (?,?,?,?,?,           ?,?,?,?,           ?,?,?,?)        ,          (?,?,?,?,?,           ?,?,?,?,           ?,?,?,?)
### Cause: java.sql.SQLSyntaxErrorException: You have an error in your SQL syntax; check the manual that corresponds to your MySQL server version for the right syntax to use near 'grant,bonus) values
        
        ('doi:111','123','456','789',1,
          '' at line 1
; bad SQL grammar []; nested exception is java.sql.SQLSyntaxErrorException: You have an error in your SQL syntax; check the manual that corresponds to your MySQL server version for the right syntax to use near 'grant,bonus) values
        
        ('doi:111','123','456','789',1,
          '' at line 1
【jayj】 [http-nio-8080-exec-1] ERROR c.m.register.controller.register.paper.PaperAction - 新增论文信息出错：
### Error updating database.  Cause: java.sql.SQLSyntaxErrorException: You have an error in your SQL syntax; check the manual that corresponds to your MySQL server version for the right syntax to use near 'grant,bonus)values
        
        ('doi:111','123','456','789',1,
          'x' at line 1
### The error may exist in com/maker/register/dao/paper/PaperMapper.xml
### The error may involve com.maker.register.dao.paper.PaperMapper.insertPaper-Inline
### The error occurred while setting parameters
### SQL: insert into paper_register(doi,title,sn,jtitle_vol,paper_class,informant,account,email,date,timestamp,thanks,grant,bonus)values                  (?,?,?,?,?,           ?,?,?,?,           ?,?,?,?)        ,          (?,?,?,?,?,           ?,?,?,?,           ?,?,?,?)        ,          (?,?,?,?,?,           ?,?,?,?,           ?,?,?,?)
### Cause: java.sql.SQLSyntaxErrorException: You have an error in your SQL syntax; check the manual that corresponds to your MySQL server version for the right syntax to use near 'grant,bonus)values
        
        ('doi:111','123','456','789',1,
          'x' at line 1
; bad SQL grammar []; nested exception is java.sql.SQLSyntaxErrorException: You have an error in your SQL syntax; check the manual that corresponds to your MySQL server version for the right syntax to use near 'grant,bonus)values
        
        ('doi:111','123','456','789',1,
          'x' at line 1
【jayj】 [http-nio-8080-exec-2] ERROR c.m.register.controller.register.paper.PaperAction - 新增论文信息出错：
### Error updating database.  Cause: java.sql.SQLSyntaxErrorException: You have an error in your SQL syntax; check the manual that corresponds to your MySQL server version for the right syntax to use near 'grant,bonus)values
        
        ('doi:111','123','456','789',1,
          'x' at line 1
### The error may exist in com/maker/register/dao/paper/PaperMapper.xml
### The error may involve com.maker.register.dao.paper.PaperMapper.insertPaper-Inline
### The error occurred while setting parameters
### SQL: insert into paper_register(doi,title,sn,jtitle_vol,paper_class,informant,account,email,date,timestamp,thanks,grant,bonus)values                  (?,?,?,?,?,           ?,?,?,?,           ?,?,?,?)        ,          (?,?,?,?,?,           ?,?,?,?,           ?,?,?,?)        ,          (?,?,?,?,?,           ?,?,?,?,           ?,?,?,?)
### Cause: java.sql.SQLSyntaxErrorException: You have an error in your SQL syntax; check the manual that corresponds to your MySQL server version for the right syntax to use near 'grant,bonus)values
        
        ('doi:111','123','456','789',1,
          'x' at line 1
; bad SQL grammar []; nested exception is java.sql.SQLSyntaxErrorException: You have an error in your SQL syntax; check the manual that corresponds to your MySQL server version for the right syntax to use near 'grant,bonus)values
        
        ('doi:111','123','456','789',1,
          'x' at line 1
【jayj】 [http-nio-8080-exec-1] ERROR c.m.register.controller.register.paper.PaperAction - 新增论文信息出错：
### Error updating database.  Cause: java.sql.SQLSyntaxErrorException: You have an error in your SQL syntax; check the manual that corresponds to your MySQL server version for the right syntax to use near 'grant,bonus)values
        
        ('doi:111','123','456','789',
          'xia' at line 1
### The error may exist in com/maker/register/dao/paper/PaperMapper.xml
### The error may involve com.maker.register.dao.paper.PaperMapper.insertPaper-Inline
### The error occurred while setting parameters
### SQL: insert into paper_register(doi,title,sn,jtitle_vol,informant,account,email,date,paper_class,timestamp,thanks,grant,bonus)values                  (?,?,?,?,           ?,?,?,?,?,           ?,?,?,?)        ,          (?,?,?,?,           ?,?,?,?,?,           ?,?,?,?)        ,          (?,?,?,?,           ?,?,?,?,?,           ?,?,?,?)
### Cause: java.sql.SQLSyntaxErrorException: You have an error in your SQL syntax; check the manual that corresponds to your MySQL server version for the right syntax to use near 'grant,bonus)values
        
        ('doi:111','123','456','789',
          'xia' at line 1
; bad SQL grammar []; nested exception is java.sql.SQLSyntaxErrorException: You have an error in your SQL syntax; check the manual that corresponds to your MySQL server version for the right syntax to use near 'grant,bonus)values
        
        ('doi:111','123','456','789',
          'xia' at line 1
【jayj】 [http-nio-8080-exec-1] ERROR c.m.register.controller.register.paper.PaperAction - 新增论文信息出错：
### Error updating database.  Cause: java.sql.SQLSyntaxErrorException: You have an error in your SQL syntax; check the manual that corresponds to your MySQL server version for the right syntax to use near 'grant,bonus)values
        
        ('doi:111','123','456','789','xiajj','aihj',' at line 1
### The error may exist in com/maker/register/dao/paper/PaperMapper.xml
### The error may involve com.maker.register.dao.paper.PaperMapper.insertPaper-Inline
### The error occurred while setting parameters
### SQL: insert into paper_register(doi,title,sn,jtitle_vol,informant,account,email,date,paper_class,timestamp,thanks,grant,bonus)values                  (?,?,?,?,?,?,?,?,?,?,?,?,?)        ,          (?,?,?,?,?,?,?,?,?,?,?,?,?)        ,          (?,?,?,?,?,?,?,?,?,?,?,?,?)
### Cause: java.sql.SQLSyntaxErrorException: You have an error in your SQL syntax; check the manual that corresponds to your MySQL server version for the right syntax to use near 'grant,bonus)values
        
        ('doi:111','123','456','789','xiajj','aihj',' at line 1
; bad SQL grammar []; nested exception is java.sql.SQLSyntaxErrorException: You have an error in your SQL syntax; check the manual that corresponds to your MySQL server version for the right syntax to use near 'grant,bonus)values
        
        ('doi:111','123','456','789','xiajj','aihj',' at line 1
【jayj】 [http-nio-8080-exec-1] ERROR c.m.register.controller.register.paper.PaperAction - 新增论文信息出错：
### Error updating database.  Cause: java.sql.SQLSyntaxErrorException: You have an error in your SQL syntax; check the manual that corresponds to your MySQL server version for the right syntax to use near 'grant,bonus)values
        
        ('doi:111','123','456','789','123456@qq.com'' at line 1
### The error may exist in com/maker/register/dao/paper/PaperMapper.xml
### The error may involve com.maker.register.dao.paper.PaperMapper.insertPaper-Inline
### The error occurred while setting parameters
### SQL: insert into paper_register(doi,title,sn,jtitle_vol,informant,account,email,date,paper_class,timestamp,thanks,grant,bonus)values                  (?,?,?,?,?,?,?,?,?,?,?,?,?)        ,          (?,?,?,?,?,?,?,?,?,?,?,?,?)        ,          (?,?,?,?,?,?,?,?,?,?,?,?,?)
### Cause: java.sql.SQLSyntaxErrorException: You have an error in your SQL syntax; check the manual that corresponds to your MySQL server version for the right syntax to use near 'grant,bonus)values
        
        ('doi:111','123','456','789','123456@qq.com'' at line 1
; bad SQL grammar []; nested exception is java.sql.SQLSyntaxErrorException: You have an error in your SQL syntax; check the manual that corresponds to your MySQL server version for the right syntax to use near 'grant,bonus)values
        
        ('doi:111','123','456','789','123456@qq.com'' at line 1
【jayj】 [http-nio-8080-exec-1] ERROR c.m.register.controller.register.paper.PaperAction - 新增论文信息出错：
### Error updating database.  Cause: java.sql.SQLSyntaxErrorException: You have an error in your SQL syntax; check the manual that corresponds to your MySQL server version for the right syntax to use near 'grant,bonus)values
        
        ('doi:111','123','456','789','xiajj','aihj',' at line 1
### The error may exist in com/maker/register/dao/paper/PaperMapper.xml
### The error may involve com.maker.register.dao.paper.PaperMapper.insertPaper-Inline
### The error occurred while setting parameters
### SQL: insert into paper_register(doi,title,sn,jtitle_vol,informant,account,email,date,paper_class,timestamp,thanks,grant,bonus)values                  (?,?,?,?,?,?,?,?,?,?,?,?,?)        ,          (?,?,?,?,?,?,?,?,?,?,?,?,?)        ,          (?,?,?,?,?,?,?,?,?,?,?,?,?)               where 1=1
### Cause: java.sql.SQLSyntaxErrorException: You have an error in your SQL syntax; check the manual that corresponds to your MySQL server version for the right syntax to use near 'grant,bonus)values
        
        ('doi:111','123','456','789','xiajj','aihj',' at line 1
; bad SQL grammar []; nested exception is java.sql.SQLSyntaxErrorException: You have an error in your SQL syntax; check the manual that corresponds to your MySQL server version for the right syntax to use near 'grant,bonus)values
        
        ('doi:111','123','456','789','xiajj','aihj',' at line 1
【jayj】 [http-nio-8080-exec-1] ERROR c.m.register.controller.register.paper.PaperAction - 新增论文信息出错：
### Error updating database.  Cause: java.sql.SQLSyntaxErrorException: You have an error in your SQL syntax; check the manual that corresponds to your MySQL server version for the right syntax to use near 'grant)values
        
        ('doi:111','123','456','789','xiajj','aihj','12345' at line 1
### The error may exist in com/maker/register/dao/paper/PaperMapper.xml
### The error may involve com.maker.register.dao.paper.PaperMapper.insertPaper-Inline
### The error occurred while setting parameters
### SQL: insert into paper_register(doi,title,sn,jtitle_vol,informant,account,email,date,paper_class,timestamp,thanks,grant)values                  (?,?,?,?,?,?,?,?,?,?,?,?)        ,          (?,?,?,?,?,?,?,?,?,?,?,?)        ,          (?,?,?,?,?,?,?,?,?,?,?,?)
### Cause: java.sql.SQLSyntaxErrorException: You have an error in your SQL syntax; check the manual that corresponds to your MySQL server version for the right syntax to use near 'grant)values
        
        ('doi:111','123','456','789','xiajj','aihj','12345' at line 1
; bad SQL grammar []; nested exception is java.sql.SQLSyntaxErrorException: You have an error in your SQL syntax; check the manual that corresponds to your MySQL server version for the right syntax to use near 'grant)values
        
        ('doi:111','123','456','789','xiajj','aihj','12345' at line 1
